;  LST file generated by mikroListExporter - v.2.0 
; Date/Time: 31-May-19 08:23:49
;----------------------------------------------

;Address Opcode 	ASM
0x0000	0x28BA      	GOTO       186
_SPI1_Read:
;__Lib_SPI_c345.c,69 :: 		
;__Lib_SPI_c345.c,70 :: 		
0x0003	0x1283      	BCF        STATUS, 5
0x0004	0x1303      	BCF        STATUS, 6
0x0005	0x0820      	MOVF       FARG_SPI1_Read_buffer, 0
0x0006	0x0093      	MOVWF      SSPBUF
;__Lib_SPI_c345.c,71 :: 		
L_SPI1_Read6:
0x0007	0x1683      	BSF        STATUS, 5
0x0008	0x1814      	BTFSC      SSPSTAT, 0
0x0009	0x280C      	GOTO       L_SPI1_Read7
;__Lib_SPI_c345.c,72 :: 		
0x000A	0x0000      	NOP
0x000B	0x2807      	GOTO       L_SPI1_Read6
L_SPI1_Read7:
;__Lib_SPI_c345.c,73 :: 		
0x000C	0x1283      	BCF        STATUS, 5
0x000D	0x0813      	MOVF       SSPBUF, 0
0x000E	0x00F0      	MOVWF      R0
;__Lib_SPI_c345.c,74 :: 		
L_end_SPI1_Read:
0x000F	0x0008      	RETURN
; end of _SPI1_Read
_Delay_1us:
;__Lib_Delays.c,7 :: 		void Delay_1us() {
;__Lib_Delays.c,8 :: 		Delay_us(1);
0x0010	0x0000      	NOP
0x0011	0x0000      	NOP
;__Lib_Delays.c,9 :: 		}
L_end_Delay_1us:
0x0012	0x0008      	RETURN
; end of _Delay_1us
_Expander_Write_Byte:
;__Lib_PortExpander.c,379 :: 		
;__Lib_PortExpander.c,381 :: 		
0x0013	0x1283      	BCF        STATUS, 5
0x0014	0x1303      	BCF        STATUS, 6
0x0015	0x082E      	MOVF       FARG_Expander_Write_Byte_ModuleAddress, 0
0x0016	0x00F0      	MOVWF      R0
0x0017	0x0DF0      	RLF        R0, 1
0x0018	0x1070      	BCF        R0, 0
0x0019	0x0870      	MOVF       R0, 0
0x001A	0x00AE      	MOVWF      FARG_Expander_Write_Byte_ModuleAddress
;__Lib_PortExpander.c,382 :: 		
0x001B	0x1007      	BCF        SPExpanderCS, BitPos(SPExpanderCS+0)
;__Lib_PortExpander.c,383 :: 		
0x001C	0x3040      	MOVLW      64
0x001D	0x0470      	IORWF      R0, 0
0x001E	0x00A0      	MOVWF      FARG_SPI1_Read_buffer
0x001F	0x30FE      	MOVLW      254
0x0020	0x05A0      	ANDWF      FARG_SPI1_Read_buffer, 1
0x0021	0x2003      	CALL       _SPI1_Read
;__Lib_PortExpander.c,384 :: 		
0x0022	0x082F      	MOVF       FARG_Expander_Write_Byte_RegAddress, 0
0x0023	0x00A0      	MOVWF      FARG_SPI1_Read_buffer
0x0024	0x2003      	CALL       _SPI1_Read
;__Lib_PortExpander.c,385 :: 		
0x0025	0x0830      	MOVF       FARG_Expander_Write_Byte_Data_, 0
0x0026	0x00A0      	MOVWF      FARG_SPI1_Read_buffer
0x0027	0x2003      	CALL       _SPI1_Read
;__Lib_PortExpander.c,386 :: 		
0x0028	0x1407      	BSF        SPExpanderCS, BitPos(SPExpanderCS+0)
0x0029	0x2010      	CALL       _Delay_1us
0x002A	0x2010      	CALL       _Delay_1us
0x002B	0x2010      	CALL       _Delay_1us
;__Lib_PortExpander.c,387 :: 		
L_end_Expander_Write_Byte:
0x002C	0x0008      	RETURN
; end of _Expander_Write_Byte
_Expander_Write_PortB:
;__Lib_PortExpander.c,445 :: 		
;__Lib_PortExpander.c,446 :: 		
0x002D	0x1283      	BCF        STATUS, 5
0x002E	0x1303      	BCF        STATUS, 6
0x002F	0x082C      	MOVF       FARG_Expander_Write_PortB_ModuleAddress, 0
0x0030	0x00AE      	MOVWF      FARG_Expander_Write_Byte_ModuleAddress
0x0031	0x3015      	MOVLW      21
0x0032	0x00AF      	MOVWF      FARG_Expander_Write_Byte_RegAddress
0x0033	0x082D      	MOVF       FARG_Expander_Write_PortB_Data_, 0
0x0034	0x00B0      	MOVWF      FARG_Expander_Write_Byte_Data_
0x0035	0x2013      	CALL       _Expander_Write_Byte
;__Lib_PortExpander.c,447 :: 		
L_end_Expander_Write_PortB:
0x0036	0x0008      	RETURN
; end of _Expander_Write_PortB
_Expander_Write_PortA:
;__Lib_PortExpander.c,429 :: 		
;__Lib_PortExpander.c,430 :: 		
0x0037	0x1283      	BCF        STATUS, 5
0x0038	0x1303      	BCF        STATUS, 6
0x0039	0x082C      	MOVF       FARG_Expander_Write_PortA_ModuleAddress, 0
0x003A	0x00AE      	MOVWF      FARG_Expander_Write_Byte_ModuleAddress
0x003B	0x3014      	MOVLW      20
0x003C	0x00AF      	MOVWF      FARG_Expander_Write_Byte_RegAddress
0x003D	0x082D      	MOVF       FARG_Expander_Write_PortA_Data_, 0
0x003E	0x00B0      	MOVWF      FARG_Expander_Write_Byte_Data_
0x003F	0x2013      	CALL       _Expander_Write_Byte
;__Lib_PortExpander.c,431 :: 		
L_end_Expander_Write_PortA:
0x0040	0x0008      	RETURN
; end of _Expander_Write_PortA
_Expander_Set_DirectionPortA:
;__Lib_PortExpander.c,466 :: 		
;__Lib_PortExpander.c,467 :: 		
0x0041	0x1283      	BCF        STATUS, 5
0x0042	0x1303      	BCF        STATUS, 6
0x0043	0x082C      	MOVF       FARG_Expander_Set_DirectionPortA_ModuleAddress, 0
0x0044	0x00AE      	MOVWF      FARG_Expander_Write_Byte_ModuleAddress
0x0045	0x01AF      	CLRF       FARG_Expander_Write_Byte_RegAddress
0x0046	0x082D      	MOVF       FARG_Expander_Set_DirectionPortA_Data_, 0
0x0047	0x00B0      	MOVWF      FARG_Expander_Write_Byte_Data_
0x0048	0x2013      	CALL       _Expander_Write_Byte
;__Lib_PortExpander.c,468 :: 		
L_end_Expander_Set_DirectionPortA:
0x0049	0x0008      	RETURN
; end of _Expander_Set_DirectionPortA
_Expander_Set_DirectionPortB:
;__Lib_PortExpander.c,478 :: 		
;__Lib_PortExpander.c,479 :: 		
0x004A	0x1283      	BCF        STATUS, 5
0x004B	0x1303      	BCF        STATUS, 6
0x004C	0x082C      	MOVF       FARG_Expander_Set_DirectionPortB_ModuleAddress, 0
0x004D	0x00AE      	MOVWF      FARG_Expander_Write_Byte_ModuleAddress
0x004E	0x3001      	MOVLW      1
0x004F	0x00AF      	MOVWF      FARG_Expander_Write_Byte_RegAddress
0x0050	0x082D      	MOVF       FARG_Expander_Set_DirectionPortB_Data_, 0
0x0051	0x00B0      	MOVWF      FARG_Expander_Write_Byte_Data_
0x0052	0x2013      	CALL       _Expander_Write_Byte
;__Lib_PortExpander.c,480 :: 		
L_end_Expander_Set_DirectionPortB:
0x0053	0x0008      	RETURN
; end of _Expander_Set_DirectionPortB
_____DoICP:
;__Lib_System.c,6 :: 		
;__Lib_System.c,9 :: 		
0x0054	0x1283      	BCF        STATUS, 5
0x0055	0x1303      	BCF        STATUS, 6
0x0056	0x0828      	MOVF       ___DoICPAddr+1, 0
0x0057	0x008A      	MOVWF      PCLATH
;__Lib_System.c,10 :: 		
0x0058	0x0827      	MOVF       ___DoICPAddr, 0
0x0059	0x0082      	MOVWF      PCL
;__Lib_System.c,12 :: 		
L_end_____DoICP:
0x005A	0x0008      	RETURN
; end of _____DoICP
___CC2DW:
;__Lib_System.c,134 :: 		
;__Lib_System.c,137 :: 		
_CC2D_Loop1:
;__Lib_System.c,139 :: 		
0x005B	0x2054      	CALL       _____DoICP
0x005C	0x118A      	BCF        PCLATH, 3
0x005D	0x120A      	BCF        PCLATH, 4
;__Lib_System.c,141 :: 		
0x005E	0x0080      	MOVWF      INDF
;__Lib_System.c,142 :: 		
0x005F	0x0A84      	INCF       FSR, 1
;__Lib_System.c,143 :: 		
0x0060	0x0AA7      	INCF       ___DoICPAddr, 1
;__Lib_System.c,145 :: 		
0x0061	0x1903      	BTFSC      STATUS, 2
;__Lib_System.c,146 :: 		
0x0062	0x0AA8      	INCF       ___DoICPAddr+1, 1
;__Lib_System.c,147 :: 		
0x0063	0x03F0      	DECF       R0, 1
;__Lib_System.c,149 :: 		
0x0064	0x1D03      	BTFSS      STATUS, 2
;__Lib_System.c,150 :: 		
0x0065	0x285B      	GOTO       _CC2D_Loop1
;__Lib_System.c,152 :: 		
L_end___CC2DW:
0x0066	0x0008      	RETURN
; end of ___CC2DW
_Expander_Write_PortAB:
;__Lib_PortExpander.c,461 :: 		
;__Lib_PortExpander.c,462 :: 		
0x0067	0x1283      	BCF        STATUS, 5
0x0068	0x1303      	BCF        STATUS, 6
0x0069	0x0829      	MOVF       FARG_Expander_Write_PortAB_ModuleAddress, 0
0x006A	0x00AC      	MOVWF      FARG_Expander_Write_PortB_ModuleAddress
0x006B	0x082A      	MOVF       FARG_Expander_Write_PortAB_Data_, 0
0x006C	0x00AD      	MOVWF      FARG_Expander_Write_PortB_Data_
0x006D	0x202D      	CALL       _Expander_Write_PortB
;__Lib_PortExpander.c,463 :: 		
0x006E	0x0829      	MOVF       FARG_Expander_Write_PortAB_ModuleAddress, 0
0x006F	0x00AC      	MOVWF      FARG_Expander_Write_PortA_ModuleAddress
0x0070	0x082B      	MOVF       FARG_Expander_Write_PortAB_Data_+1, 0
0x0071	0x00AD      	MOVWF      FARG_Expander_Write_PortA_Data_
0x0072	0x2037      	CALL       _Expander_Write_PortA
;__Lib_PortExpander.c,464 :: 		
L_end_Expander_Write_PortAB:
0x0073	0x0008      	RETURN
; end of _Expander_Write_PortAB
_Expander_Set_DirectionPortAB:
;__Lib_PortExpander.c,490 :: 		
;__Lib_PortExpander.c,491 :: 		
0x0074	0x1283      	BCF        STATUS, 5
0x0075	0x1303      	BCF        STATUS, 6
0x0076	0x0829      	MOVF       FARG_Expander_Set_DirectionPortAB_ModuleAddress, 0
0x0077	0x00AC      	MOVWF      FARG_Expander_Set_DirectionPortB_ModuleAddress
0x0078	0x082A      	MOVF       FARG_Expander_Set_DirectionPortAB_Direction, 0
0x0079	0x00AD      	MOVWF      FARG_Expander_Set_DirectionPortB_Data_
0x007A	0x204A      	CALL       _Expander_Set_DirectionPortB
;__Lib_PortExpander.c,492 :: 		
0x007B	0x0829      	MOVF       FARG_Expander_Set_DirectionPortAB_ModuleAddress, 0
0x007C	0x00AC      	MOVWF      FARG_Expander_Set_DirectionPortA_ModuleAddress
0x007D	0x082B      	MOVF       FARG_Expander_Set_DirectionPortAB_Direction+1, 0
0x007E	0x00AD      	MOVWF      FARG_Expander_Set_DirectionPortA_Data_
0x007F	0x2041      	CALL       _Expander_Set_DirectionPortA
;__Lib_PortExpander.c,493 :: 		
L_end_Expander_Set_DirectionPortAB:
0x0080	0x0008      	RETURN
; end of _Expander_Set_DirectionPortAB
_Expander_Init:
;__Lib_PortExpander.c,294 :: 		
;__Lib_PortExpander.c,306 :: 		
0x0081	0x1683      	BSF        STATUS, 5
0x0082	0x1303      	BCF        STATUS, 6
0x0083	0x1087      	BCF        SPExpanderRST_Direction, BitPos(SPExpanderRST_Direction+0)
;__Lib_PortExpander.c,307 :: 		
0x0084	0x1283      	BCF        STATUS, 5
0x0085	0x1487      	BSF        SPExpanderRST, BitPos(SPExpanderRST+0)
;__Lib_PortExpander.c,309 :: 		
0x0086	0x1683      	BSF        STATUS, 5
0x0087	0x1007      	BCF        SPExpanderCS_Direction, BitPos(SPExpanderCS_Direction+0)
;__Lib_PortExpander.c,310 :: 		
0x0088	0x1283      	BCF        STATUS, 5
0x0089	0x1407      	BSF        SPExpanderCS, BitPos(SPExpanderCS+0)
;__Lib_PortExpander.c,313 :: 		
0x008A	0x1087      	BCF        SPExpanderRST, BitPos(SPExpanderRST+0)
;__Lib_PortExpander.c,314 :: 		
0x008B	0x2010      	CALL       _Delay_1us
;__Lib_PortExpander.c,315 :: 		
0x008C	0x2010      	CALL       _Delay_1us
;__Lib_PortExpander.c,316 :: 		
0x008D	0x1487      	BSF        SPExpanderRST, BitPos(SPExpanderRST+0)
;__Lib_PortExpander.c,317 :: 		
0x008E	0x2010      	CALL       _Delay_1us
;__Lib_PortExpander.c,320 :: 		
0x008F	0x1007      	BCF        SPExpanderCS, BitPos(SPExpanderCS+0)
;__Lib_PortExpander.c,323 :: 		
0x0090	0x3040      	MOVLW      64
0x0091	0x00A0      	MOVWF      FARG_SPI1_Read_buffer
0x0092	0x2003      	CALL       _SPI1_Read
;__Lib_PortExpander.c,324 :: 		
0x0093	0x300A      	MOVLW      10
0x0094	0x00A0      	MOVWF      FARG_SPI1_Read_buffer
0x0095	0x2003      	CALL       _SPI1_Read
;__Lib_PortExpander.c,325 :: 		
0x0096	0x3008      	MOVLW      8
0x0097	0x00A0      	MOVWF      FARG_SPI1_Read_buffer
0x0098	0x2003      	CALL       _SPI1_Read
;__Lib_PortExpander.c,327 :: 		
0x0099	0x1407      	BSF        SPExpanderCS, BitPos(SPExpanderCS+0)
0x009A	0x2010      	CALL       _Delay_1us
0x009B	0x2010      	CALL       _Delay_1us
0x009C	0x2010      	CALL       _Delay_1us
;__Lib_PortExpander.c,328 :: 		
L_end_Expander_Init:
0x009D	0x0008      	RETURN
; end of _Expander_Init
_SPI1_Init:
;__Lib_SPI_c345.c,23 :: 		
;__Lib_SPI_c345.c,24 :: 		
0x009E	0x3003      	MOVLW      _SPI1_Read
0x009F	0x1283      	BCF        STATUS, 5
0x00A0	0x1303      	BCF        STATUS, 6
0x00A1	0x00A1      	MOVWF      _SPI_Rd_Ptr
0x00A2	0x3000      	MOVLW      hi_addr(_SPI1_Read)
0x00A3	0x00A2      	MOVWF      _SPI_Rd_Ptr+1
0x00A4	0x3020      	MOVLW      FARG_SPI1_Read_buffer
0x00A5	0x00A3      	MOVWF      _SPI_Rd_Ptr+2
0x00A6	0x3000      	MOVLW      hi_addr(FARG_SPI1_Read_buffer)
;__Lib_SPI_c345.c,25 :: 		
0x00A7	0x30FF      	MOVLW      _SPI1_Write
0x00A8	0x00A4      	MOVWF      _SPI_Wr_Ptr
0x00A9	0x30FF      	MOVLW      hi_addr(_SPI1_Write)
0x00AA	0x00A5      	MOVWF      _SPI_Wr_Ptr+1
0x00AB	0x30FF      	MOVLW      FARG_SPI1_Write_data_
0x00AC	0x00A6      	MOVWF      _SPI_Wr_Ptr+2
0x00AD	0x30FF      	MOVLW      hi_addr(FARG_SPI1_Write_data_)
;__Lib_SPI_c345.c,29 :: 		
0x00AE	0x1683      	BSF        STATUS, 5
0x00AF	0x1287      	BCF        TRISC5_bit, BitPos(TRISC5_bit+0)
;__Lib_SPI_c345.c,30 :: 		
0x00B0	0x1187      	BCF        TRISC3_bit, BitPos(TRISC3_bit+0)
;__Lib_SPI_c345.c,31 :: 		
0x00B1	0x1607      	BSF        TRISC4_bit, BitPos(TRISC4_bit+0)
;__Lib_SPI_c345.c,33 :: 		
0x00B2	0x1283      	BCF        STATUS, 5
0x00B3	0x0194      	CLRF       SSPCON
;__Lib_SPI_c345.c,34 :: 		
0x00B4	0x3040      	MOVLW      64
0x00B5	0x1683      	BSF        STATUS, 5
0x00B6	0x0094      	MOVWF      SSPSTAT
;__Lib_SPI_c345.c,35 :: 		
0x00B7	0x1283      	BCF        STATUS, 5
0x00B8	0x1694      	BSF        SSPCON, 5
;__Lib_SPI_c345.c,36 :: 		
L_end_SPI1_Init:
0x00B9	0x0008      	RETURN
; end of _SPI1_Init
_main:
;Expanding IO Ports of a PIC Microcontroller.c,8 :: 		void main()
;Expanding IO Ports of a PIC Microcontroller.c,11 :: 		SPI1_Init();               // Initialize SPI module used with PortExpander
0x00BA	0x209E      	CALL       _SPI1_Init
;Expanding IO Ports of a PIC Microcontroller.c,12 :: 		Expander_Init(0);          // Initialize Port Expander
0x00BB	0x01A9      	CLRF       FARG_Expander_Init_ModuleAddress
0x00BC	0x2081      	CALL       _Expander_Init
;Expanding IO Ports of a PIC Microcontroller.c,20 :: 		Expander_Set_DirectionPortAB(0, 0x00);
0x00BD	0x01A9      	CLRF       FARG_Expander_Set_DirectionPortAB_ModuleAddress
0x00BE	0x01AA      	CLRF       FARG_Expander_Set_DirectionPortAB_Direction
0x00BF	0x01AB      	CLRF       FARG_Expander_Set_DirectionPortAB_Direction+1
0x00C0	0x2074      	CALL       _Expander_Set_DirectionPortAB
;Expanding IO Ports of a PIC Microcontroller.c,22 :: 		do
L_main0:
;Expanding IO Ports of a PIC Microcontroller.c,27 :: 		Expander_Write_PortAB(0,0x0F0F);
0x00C1	0x01A9      	CLRF       FARG_Expander_Write_PortAB_ModuleAddress
0x00C2	0x300F      	MOVLW      15
0x00C3	0x00AA      	MOVWF      FARG_Expander_Write_PortAB_Data_
0x00C4	0x300F      	MOVLW      15
0x00C5	0x00AB      	MOVWF      FARG_Expander_Write_PortAB_Data_+1
0x00C6	0x2067      	CALL       _Expander_Write_PortAB
;Expanding IO Ports of a PIC Microcontroller.c,29 :: 		Delay_ms(100);
0x00C7	0x3002      	MOVLW      2
0x00C8	0x00FB      	MOVWF      R11
0x00C9	0x3004      	MOVLW      4
0x00CA	0x00FC      	MOVWF      R12
0x00CB	0x30BA      	MOVLW      186
0x00CC	0x00FD      	MOVWF      R13
L_main3:
0x00CD	0x0BFD      	DECFSZ     R13, 1
0x00CE	0x28CD      	GOTO       L_main3
0x00CF	0x0BFC      	DECFSZ     R12, 1
0x00D0	0x28CD      	GOTO       L_main3
0x00D1	0x0BFB      	DECFSZ     R11, 1
0x00D2	0x28CD      	GOTO       L_main3
0x00D3	0x0000      	NOP
;Expanding IO Ports of a PIC Microcontroller.c,30 :: 		}while(1);
0x00D4	0x28C1      	GOTO       L_main0
;Expanding IO Ports of a PIC Microcontroller.c,31 :: 		}
L_end_main:
0x00D5	0x28D5      	GOTO       $+0
; end of _main
Symbol List:
//** Routines locations **
//ADDRESS    SIZE    PROCEDURE
//----------------------------------------------
0x0003      [13]    _SPI1_Read
0x0010       [3]    _Delay_1us
0x0013      [26]    _Expander_Write_Byte
0x002D      [10]    _Expander_Write_PortB
0x0037      [10]    _Expander_Write_PortA
0x0041       [9]    _Expander_Set_DirectionPortA
0x004A      [10]    _Expander_Set_DirectionPortB
0x0054       [7]    _____DoICP
0x005B      [12]    ___CC2DW
0x0067      [13]    _Expander_Write_PortAB
0x0074      [13]    _Expander_Set_DirectionPortAB
0x0081      [29]    _Expander_Init
0x009E      [28]    _SPI1_Init
0x00BA      [28]    _main
//** Variables locations ** 
//ADDRESS    SIZE    VARIABLE
//----------------------------------------------
0x0000       [1]    INDF
0x0002       [1]    PCL
0x0003       [1]    STATUS
0x0004       [1]    FSR
0x0007       [0]    RC0_bit
0x0007       [0]    RC1_bit
0x0007       [0]    SPExpanderRST
0x0007       [0]    SPExpanderCS
0x000A       [1]    PCLATH
0x0013       [1]    SSPBUF
0x0014       [1]    SSPCON
0x0020       [1]    FARG_SPI1_Read_buffer
0x0021       [3]    _SPI_Rd_Ptr
0x0024       [3]    _SPI_Wr_Ptr
0x0027       [2]    ___DoICPAddr
0x0029       [1]    FARG_Expander_Init_ModuleAddress
0x0029       [1]    FARG_Expander_Set_DirectionPortAB_ModuleAddress
0x0029       [1]    FARG_Expander_Write_PortAB_ModuleAddress
0x002A       [2]    FARG_Expander_Write_PortAB_Data_
0x002A       [2]    FARG_Expander_Set_DirectionPortAB_Direction
0x002C       [1]    FARG_Expander_Write_PortA_ModuleAddress
0x002C       [1]    FARG_Expander_Write_PortB_ModuleAddress
0x002C       [1]    FARG_Expander_Set_DirectionPortA_ModuleAddress
0x002C       [1]    FARG_Expander_Set_DirectionPortB_ModuleAddress
0x002D       [1]    FARG_Expander_Set_DirectionPortB_Data_
0x002D       [1]    FARG_Expander_Write_PortB_Data_
0x002D       [1]    FARG_Expander_Write_PortA_Data_
0x002D       [1]    FARG_Expander_Set_DirectionPortA_Data_
0x002E       [1]    FARG_Expander_Write_Byte_ModuleAddress
0x002F       [1]    FARG_Expander_Write_Byte_RegAddress
0x0030       [1]    FARG_Expander_Write_Byte_Data_
0x0070       [1]    R0
0x0071       [1]    R1
0x0072       [1]    R2
0x0073       [1]    R3
0x0074       [1]    R4
0x0075       [1]    R5
0x0076       [1]    R6
0x0077       [1]    R7
0x0078       [1]    R8
0x0079       [1]    R9
0x007A       [1]    R10
0x007B       [1]    R11
0x007C       [1]    R12
0x007D       [1]    R13
0x007E       [1]    R14
0x007F       [1]    R15
0x0087       [0]    TRISC1_bit
0x0087       [0]    TRISC3_bit
0x0087       [0]    SPExpanderCS_Direction
0x0087       [0]    TRISC5_bit
0x0087       [0]    TRISC0_bit
0x0087       [0]    TRISC4_bit
0x0087       [0]    SPExpanderRST_Direction
0x0094       [1]    SSPSTAT
